<?xml version="1.0" encoding="UTF-8"?>
<testng-results skipped="0" failed="0" ignored="0" total="1" passed="1">
  <reporter-output>
  </reporter-output>
  <suite name="Default suite" duration-ms="3067" started-at="2020-09-25T11:35:52Z" finished-at="2020-09-25T11:35:55Z">
    <groups>
    </groups>
    <test name="Default test" duration-ms="3067" started-at="2020-09-25T11:35:52Z" finished-at="2020-09-25T11:35:55Z">
      <class name="SampleAPI.TC01_GET_Weather_REQ">
        <test-method status="PASS" signature="getWeatherReqDetails()[pri:0, instance:SampleAPI.TC01_GET_Weather_REQ@47c62251]" name="getWeatherReqDetails" duration-ms="3030" started-at="2020-09-25T11:35:52Z" finished-at="2020-09-25T11:35:55Z">
          <reporter-output>
          </reporter-output>
        </test-method> <!-- getWeatherReqDetails -->
      </class> <!-- SampleAPI.TC01_GET_Weather_REQ -->
    </test> <!-- Default test -->
  </suite> <!-- Default suite -->
</testng-results>
