<?xml version="1.0" encoding="UTF-8"?>
<testng-results skipped="0" failed="1" ignored="0" total="1" passed="0">
  <reporter-output>
  </reporter-output>
  <suite name="Default suite" duration-ms="2508" started-at="2021-06-15T05:49:02Z" finished-at="2021-06-15T05:49:05Z">
    <groups>
    </groups>
    <test name="Default test" duration-ms="2508" started-at="2021-06-15T05:49:02Z" finished-at="2021-06-15T05:49:05Z">
      <class name="SDETAutomation.MultipleWindowsForLoop">
        <test-method status="FAIL" signature="multipleWindow()[pri:0, instance:SDETAutomation.MultipleWindowsForLoop@7403c468]" name="multipleWindow" duration-ms="2459" started-at="2021-06-15T05:49:02Z" finished-at="2021-06-15T05:49:05Z">
          <exception class="org.openqa.selenium.SessionNotCreatedException">
            <message>
              <![CDATA[session not created: This version of ChromeDriver only supports Chrome version 80
Build info: version: '3.14.0', revision: 'aacccce0', time: '2018-08-02T20:19:58.91Z'
System info: host: 'USER-PC', ip: '192.168.0.3', os.name: 'Windows 7', os.arch: 'amd64', os.version: '6.1', java.version: '1.8.0_241'
Driver info: driver.version: ChromeDriver
remote stacktrace: Backtrace:
Ordinal0 [0x00290C83+1707139]
Ordinal0 [0x001F68F1+1075441]
Ordinal0 [0x0016DFC9+516041]
Ordinal0 [0x00100554+66900]
Ordinal0 [0x000FCCE2+52450]
Ordinal0 [0x0011BFD7+180183]
Ordinal0 [0x0011BDDD+179677]
Ordinal0 [0x00119D4B+171339]
Ordinal0 [0x00101D4A+73034]
Ordinal0 [0x00102DC0+77248]
Ordinal0 [0x00102D59+77145]
Ordinal0 [0x0020BB67+1162087]
GetHandleVerifier [0x0032A966+508998]
GetHandleVerifier [0x0032A6A4+508292]
GetHandleVerifier [0x0033F7B7+594583]
GetHandleVerifier [0x0032B1D6+511158]
Ordinal0 [0x0020402C+1130540]
Ordinal0 [0x0020D4CB+1168587]
Ordinal0 [0x0020D633+1168947]
Ordinal0 [0x00225B35+1268533]
BaseThreadInitThunk [0x76283677+18]
RtlInitializeExceptionChain [0x77249D72+99]
RtlInitializeExceptionChain [0x77249D45+54]
]]>
            </message>
            <full-stacktrace>
              <![CDATA[org.openqa.selenium.SessionNotCreatedException: session not created: This version of ChromeDriver only supports Chrome version 80
Build info: version: '3.14.0', revision: 'aacccce0', time: '2018-08-02T20:19:58.91Z'
System info: host: 'USER-PC', ip: '192.168.0.3', os.name: 'Windows 7', os.arch: 'amd64', os.version: '6.1', java.version: '1.8.0_241'
Driver info: driver.version: ChromeDriver
remote stacktrace: Backtrace:
Ordinal0 [0x00290C83+1707139]
Ordinal0 [0x001F68F1+1075441]
Ordinal0 [0x0016DFC9+516041]
Ordinal0 [0x00100554+66900]
Ordinal0 [0x000FCCE2+52450]
Ordinal0 [0x0011BFD7+180183]
Ordinal0 [0x0011BDDD+179677]
Ordinal0 [0x00119D4B+171339]
Ordinal0 [0x00101D4A+73034]
Ordinal0 [0x00102DC0+77248]
Ordinal0 [0x00102D59+77145]
Ordinal0 [0x0020BB67+1162087]
GetHandleVerifier [0x0032A966+508998]
GetHandleVerifier [0x0032A6A4+508292]
GetHandleVerifier [0x0033F7B7+594583]
GetHandleVerifier [0x0032B1D6+511158]
Ordinal0 [0x0020402C+1130540]
Ordinal0 [0x0020D4CB+1168587]
Ordinal0 [0x0020D633+1168947]
Ordinal0 [0x00225B35+1268533]
BaseThreadInitThunk [0x76283677+18]
RtlInitializeExceptionChain [0x77249D72+99]
RtlInitializeExceptionChain [0x77249D45+54]

at sun.reflect.NativeConstructorAccessorImpl.newInstance0(Native Method)
at sun.reflect.NativeConstructorAccessorImpl.newInstance(Unknown Source)
at sun.reflect.DelegatingConstructorAccessorImpl.newInstance(Unknown Source)
at java.lang.reflect.Constructor.newInstance(Unknown Source)
at org.openqa.selenium.remote.W3CHandshakeResponse.lambda$new$0(W3CHandshakeResponse.java:57)
at org.openqa.selenium.remote.W3CHandshakeResponse.lambda$getResponseFunction$2(W3CHandshakeResponse.java:104)
at org.openqa.selenium.remote.ProtocolHandshake.lambda$createSession$0(ProtocolHandshake.java:122)
at java.util.stream.ReferencePipeline$3$1.accept(Unknown Source)
at java.util.Spliterators$ArraySpliterator.tryAdvance(Unknown Source)
at java.util.stream.ReferencePipeline.forEachWithCancel(Unknown Source)
at java.util.stream.AbstractPipeline.copyIntoWithCancel(Unknown Source)
at java.util.stream.AbstractPipeline.copyInto(Unknown Source)
at java.util.stream.AbstractPipeline.wrapAndCopyInto(Unknown Source)
at java.util.stream.FindOps$FindOp.evaluateSequential(Unknown Source)
at java.util.stream.AbstractPipeline.evaluate(Unknown Source)
at java.util.stream.ReferencePipeline.findFirst(Unknown Source)
at org.openqa.selenium.remote.ProtocolHandshake.createSession(ProtocolHandshake.java:125)
at org.openqa.selenium.remote.ProtocolHandshake.createSession(ProtocolHandshake.java:73)
at org.openqa.selenium.remote.HttpCommandExecutor.execute(HttpCommandExecutor.java:136)
at org.openqa.selenium.remote.service.DriverCommandExecutor.execute(DriverCommandExecutor.java:83)
at org.openqa.selenium.remote.RemoteWebDriver.execute(RemoteWebDriver.java:548)
at org.openqa.selenium.remote.RemoteWebDriver.startSession(RemoteWebDriver.java:212)
at org.openqa.selenium.remote.RemoteWebDriver.<init>(RemoteWebDriver.java:130)
at org.openqa.selenium.chrome.ChromeDriver.<init>(ChromeDriver.java:181)
at org.openqa.selenium.chrome.ChromeDriver.<init>(ChromeDriver.java:168)
at org.openqa.selenium.chrome.ChromeDriver.<init>(ChromeDriver.java:123)
at SDETAutomation.MultipleWindowsForLoop.multipleWindow(MultipleWindowsForLoop.java:17)
at sun.reflect.NativeMethodAccessorImpl.invoke0(Native Method)
at sun.reflect.NativeMethodAccessorImpl.invoke(Unknown Source)
at sun.reflect.DelegatingMethodAccessorImpl.invoke(Unknown Source)
at java.lang.reflect.Method.invoke(Unknown Source)
at org.testng.internal.MethodInvocationHelper.invokeMethod(MethodInvocationHelper.java:124)
at org.testng.internal.Invoker.invokeMethod(Invoker.java:583)
at org.testng.internal.Invoker.invokeTestMethod(Invoker.java:719)
at org.testng.internal.Invoker.invokeTestMethods(Invoker.java:989)
at org.testng.internal.TestMethodWorker.invokeTestMethods(TestMethodWorker.java:125)
at org.testng.internal.TestMethodWorker.run(TestMethodWorker.java:109)
at org.testng.TestRunner.privateRun(TestRunner.java:648)
at org.testng.TestRunner.run(TestRunner.java:505)
at org.testng.SuiteRunner.runTest(SuiteRunner.java:455)
at org.testng.SuiteRunner.runSequentially(SuiteRunner.java:450)
at org.testng.SuiteRunner.privateRun(SuiteRunner.java:415)
at org.testng.SuiteRunner.run(SuiteRunner.java:364)
at org.testng.SuiteRunnerWorker.runSuite(SuiteRunnerWorker.java:52)
at org.testng.SuiteRunnerWorker.run(SuiteRunnerWorker.java:84)
at org.testng.TestNG.runSuitesSequentially(TestNG.java:1208)
at org.testng.TestNG.runSuitesLocally(TestNG.java:1137)
at org.testng.TestNG.runSuites(TestNG.java:1049)
at org.testng.TestNG.run(TestNG.java:1017)
at org.testng.remote.AbstractRemoteTestNG.run(AbstractRemoteTestNG.java:114)
at org.testng.remote.RemoteTestNG.initAndRun(RemoteTestNG.java:251)
at org.testng.remote.RemoteTestNG.main(RemoteTestNG.java:77)
]]>
            </full-stacktrace>
          </exception> <!-- org.openqa.selenium.SessionNotCreatedException -->
          <reporter-output>
          </reporter-output>
        </test-method> <!-- multipleWindow -->
      </class> <!-- SDETAutomation.MultipleWindowsForLoop -->
    </test> <!-- Default test -->
  </suite> <!-- Default suite -->
</testng-results>
