<?xml version="1.0" encoding="UTF-8"?>
<!-- Generated by org.testng.reporters.JUnitXMLReporter -->
<testsuite hostname="User-PC" ignored="0" name="InetBankingTest" tests="5" failures="3" timestamp="03 Jun 2021 09:46:15 GMT" time="53.859" errors="0">
  <testcase name="loginTestDDT" time="12.667" classname="com.inetbanking.testCases.TC_LoginPageDDT_002"/>
  <testcase name="loginTestDDT" time="5.951" classname="com.inetbanking.testCases.TC_LoginPageDDT_002">
    <failure type="java.lang.AssertionError" message="expected [true] but found [false]">
      <![CDATA[java.lang.AssertionError: expected [true] but found [false]
at com.inetbanking.testCases.TC_LoginPageDDT_002.loginTestDDT(TC_LoginPageDDT_002.java:33)
... Removed 29 stack frames]]>
    </failure>
  </testcase> <!-- loginTestDDT -->
  <testcase name="loginTestDDT" time="5.977" classname="com.inetbanking.testCases.TC_LoginPageDDT_002">
    <failure type="java.lang.AssertionError" message="expected [true] but found [false]">
      <![CDATA[java.lang.AssertionError: expected [true] but found [false]
at com.inetbanking.testCases.TC_LoginPageDDT_002.loginTestDDT(TC_LoginPageDDT_002.java:33)
... Removed 29 stack frames]]>
    </failure>
  </testcase> <!-- loginTestDDT -->
  <testcase name="loginTestDDT" time="11.144" classname="com.inetbanking.testCases.TC_LoginPageDDT_002"/>
  <testcase name="loginTestDDT" time="5.976" classname="com.inetbanking.testCases.TC_LoginPageDDT_002">
    <failure type="java.lang.AssertionError" message="expected [true] but found [false]">
      <![CDATA[java.lang.AssertionError: expected [true] but found [false]
at com.inetbanking.testCases.TC_LoginPageDDT_002.loginTestDDT(TC_LoginPageDDT_002.java:33)
... Removed 29 stack frames]]>
    </failure>
  </testcase> <!-- loginTestDDT -->
</testsuite> <!-- InetBankingTest -->
