<?xml version="1.0" encoding="UTF-8"?>
<testng-results skipped="0" failed="0" ignored="0" total="1" passed="1">
  <reporter-output>
  </reporter-output>
  <suite name="Default suite" duration-ms="18462" started-at="2021-06-18T12:42:45Z" finished-at="2021-06-18T12:43:03Z">
    <groups>
    </groups>
    <test name="Default test" duration-ms="18462" started-at="2021-06-18T12:42:45Z" finished-at="2021-06-18T12:43:03Z">
      <class name="HybridDrivenFramework.PHPTravelsExecution">
        <test-method status="PASS" signature="execute()[pri:0, instance:HybridDrivenFramework.PHPTravelsExecution@14acaea5]" name="execute" duration-ms="18427" started-at="2021-06-18T12:42:45Z" finished-at="2021-06-18T12:43:03Z">
          <reporter-output>
          </reporter-output>
        </test-method> <!-- execute -->
      </class> <!-- HybridDrivenFramework.PHPTravelsExecution -->
    </test> <!-- Default test -->
  </suite> <!-- Default suite -->
</testng-results>
