<?xml version="1.0" encoding="UTF-8"?>
<testng-results skipped="0" failed="0" ignored="0" total="1" passed="1">
  <reporter-output>
  </reporter-output>
  <suite name="Default suite" duration-ms="23572" started-at="2021-07-26T12:44:10Z" finished-at="2021-07-26T12:44:34Z">
    <groups>
    </groups>
    <test name="Default test" duration-ms="23572" started-at="2021-07-26T12:44:10Z" finished-at="2021-07-26T12:44:34Z">
      <class name="tests.RegisterTest">
        <test-method status="PASS" signature="openApplication()[pri:0, instance:tests.RegisterTest@5e5792a0]" name="openApplication" is-config="true" duration-ms="13062" started-at="2021-07-26T12:44:10Z" finished-at="2021-07-26T12:44:23Z">
          <reporter-output>
          </reporter-output>
        </test-method> <!-- openApplication -->
        <test-method status="PASS" signature="registerTest(java.lang.String, java.lang.String, java.lang.String, java.lang.String, java.lang.String, java.lang.String)[pri:0, instance:tests.RegisterTest@5e5792a0]" name="registerTest" duration-ms="10396" started-at="2021-07-26T12:44:23Z" data-provider="getRegisterData" finished-at="2021-07-26T12:44:34Z">
          <params>
            <param index="0">
              <value>
                <![CDATA[Shaan]]>
              </value>
            </param>
            <param index="1">
              <value>
                <![CDATA[Kumar]]>
              </value>
            </param>
            <param index="2">
              <value>
                <![CDATA[shaan@gmail.com]]>
              </value>
            </param>
            <param index="3">
              <value>
                <![CDATA[8765987654]]>
              </value>
            </param>
            <param index="4">
              <value>
                <![CDATA[Shaan@123]]>
              </value>
            </param>
            <param index="5">
              <value>
                <![CDATA[Shaan@123]]>
              </value>
            </param>
          </params>
          <reporter-output>
          </reporter-output>
        </test-method> <!-- registerTest -->
        <test-method status="PASS" signature="tearDown()[pri:0, instance:tests.RegisterTest@5e5792a0]" name="tearDown" is-config="true" duration-ms="64" started-at="2021-07-26T12:44:34Z" finished-at="2021-07-26T12:44:34Z">
          <reporter-output>
          </reporter-output>
        </test-method> <!-- tearDown -->
      </class> <!-- tests.RegisterTest -->
    </test> <!-- Default test -->
  </suite> <!-- Default suite -->
</testng-results>
